<?xml version="1.0" encoding="UTF-8"?>
<testsuite xmlns:xsi="http://www.w3.org/2001/XMLSchema-instance" xsi:noNamespaceSchemaLocation="https://maven.apache.org/surefire/maven-surefire-plugin/xsd/surefire-test-report.xsd" name="com.sb.myblog.controller.BlogAppControllerTest" time="1.704" tests="5" errors="0" skipped="0" failures="0">
  <properties>
[...]
</properties>
  <testcase name="testRetrieveAllBlogEntry" classname="com.sb.myblog.controller.BlogAppControllerTest" time="1.495"/>
  <testcase name="testCreateBlogEntry" classname="com.sb.myblog.controller.BlogAppControllerTest" time="0.008"/>
  <testcase name="testRetrieveBlogEntry" classname="com.sb.myblog.controller.BlogAppControllerTest" time="0.005"/>
  <testcase name="testDeleteBlogEntry" classname="com.sb.myblog.controller.BlogAppControllerTest" time="0.019"/>
  <testcase name="testUpdateBlogEntry" classname="com.sb.myblog.controller.BlogAppControllerTest" time="0.003"/>
</testsuite>